Training examples summary:
       latitude  longitude        ...         median_income  rooms_per_person
count   12000.0    12000.0        ...               12000.0           12000.0
mean       35.6     -119.6        ...                   3.9               2.0
std         2.1        2.0        ...                   1.9               1.2
min        32.5     -124.3        ...                   0.5               0.1
25%        33.9     -121.8        ...                   2.6               1.5
50%        34.2     -118.5        ...                   3.5               1.9
75%        37.7     -118.0        ...                   4.8               2.3
max        42.0     -114.3        ...                  15.0              55.2

[8 rows x 9 columns]
Validation examples summary:
       latitude  longitude        ...         median_income  rooms_per_person
count    5000.0     5000.0        ...                5000.0            5000.0
mean       35.6     -119.6        ...                   3.9               2.0
std         2.1        2.0        ...                   1.9               0.9
min        32.5     -124.3        ...                   0.5               0.0
25%        33.9     -121.8        ...                   2.6               1.5
50%        34.2     -118.5        ...                   3.5               1.9
75%        37.7     -118.0        ...                   4.8               2.3
max        41.8     -114.6        ...                  15.0              34.2

[8 rows x 9 columns]
Training targets summary:
       median_house_value
count             12000.0
mean                206.5
std                 116.0
min                  15.0
25%                 118.8
50%                 179.4
75%                 263.8
max                 500.0
Validation targets summary:
       median_house_value
count              5000.0
mean                209.3
std                 116.0
min                  17.5
25%                 121.9
50%                 182.1
75%                 268.6
max                 500.0
Training model...
RMSE (on training data):
  period 00 : 165.01
  period 01 : 122.50
  period 02 : 118.46
  period 03 : 117.32
  period 04 : 116.18
  period 05 : 116.24
  period 06 : 115.13
  period 07 : 114.27
  period 08 : 113.72
  period 09 : 113.43
Model training finished.
