Mean Squared Error (on training data): 56367.025
Root Mean Squared Error (on training data): 237.417
Min. Median House Value: 14.999
Max. Median House Value: 500.001
Difference between Min. and Max.: 485.002
Root Mean Squared Error: 237.417
Training model...
RMSE (on training data):
  period 00 : 225.63
  period 01 : 214.42
  period 02 : 204.44
  period 03 : 194.97
  period 04 : 187.23
  period 05 : 180.80
  period 06 : 175.66
  period 07 : 171.74
  period 08 : 168.72
  period 09 : 167.30
Model training finished.
       predictions  targets
count      17000.0  17000.0
mean         116.9    207.3
std           96.4    116.0
min            0.1     15.0
25%           64.6    119.4
50%           94.0    180.4
75%          139.3    265.0
max         1676.8    500.0
Final RMSE (on training data): 167.30
